<?xml version="1.0" encoding="utf-8"?><testsuites name="pytest tests"><testsuite name="pytest" errors="0" failures="0" skipped="0" tests="22" time="3.012" timestamp="2026-01-13T20:56:58.583597+00:00" hostname="agent-env-867c49a3-0cdc-46da-94e1-8801d256577c"><testcase classname="tests.test_nyaaysathi_api.TestHealthEndpoint" name="test_health_check" time="0.069" /><testcase classname="tests.test_nyaaysathi_api.TestAuthEndpoints" name="test_register_new_lawyer" time="0.578" /><testcase classname="tests.test_nyaaysathi_api.TestAuthEndpoints" name="test_register_new_client" time="0.235" /><testcase classname="tests.test_nyaaysathi_api.TestAuthEndpoints" name="test_register_duplicate_user" time="0.012" /><testcase classname="tests.test_nyaaysathi_api.TestAuthEndpoints" name="test_login_lawyer_success" time="0.274" /><testcase classname="tests.test_nyaaysathi_api.TestAuthEndpoints" name="test_login_client_success" time="0.234" /><testcase classname="tests.test_nyaaysathi_api.TestAuthEndpoints" name="test_login_invalid_credentials" time="0.018" /><testcase classname="tests.test_nyaaysathi_api.TestAuthenticatedEndpoints" name="test_get_me_lawyer" time="0.334" /><testcase classname="tests.test_nyaaysathi_api.TestAuthenticatedEndpoints" name="test_get_me_client" time="0.327" /><testcase classname="tests.test_nyaaysathi_api.TestAuthenticatedEndpoints" name="test_get_cases_lawyer" time="0.015" /><testcase classname="tests.test_nyaaysathi_api.TestAuthenticatedEndpoints" name="test_get_cases_client" time="0.054" /><testcase classname="tests.test_nyaaysathi_api.TestAuthenticatedEndpoints" name="test_get_bookings_lawyer" time="0.012" /><testcase classname="tests.test_nyaaysathi_api.TestAuthenticatedEndpoints" name="test_get_bookings_client" time="0.012" /><testcase classname="tests.test_nyaaysathi_api.TestAuthenticatedEndpoints" name="test_get_documents_client" time="0.053" /><testcase classname="tests.test_nyaaysathi_api.TestLawyersEndpoint" name="test_get_lawyers_list" time="0.014" /><testcase classname="tests.test_nyaaysathi_api.TestWaitlistEndpoint" name="test_join_waitlist" time="0.017" /><testcase classname="tests.test_nyaaysathi_api.TestWaitlistEndpoint" name="test_join_waitlist_duplicate" time="0.063" /><testcase classname="tests.test_nyaaysathi_api.TestCaseCRUD" name="test_create_case" time="0.299" /><testcase classname="tests.test_nyaaysathi_api.TestUnauthorizedAccess" name="test_cases_without_auth" time="0.051" /><testcase classname="tests.test_nyaaysathi_api.TestUnauthorizedAccess" name="test_bookings_without_auth" time="0.050" /><testcase classname="tests.test_nyaaysathi_api.TestUnauthorizedAccess" name="test_documents_without_auth" time="0.056" /><testcase classname="tests.test_nyaaysathi_api.TestUnauthorizedAccess" name="test_auth_me_without_token" time="0.050" /></testsuite></testsuites>