<?xml version="1.0" encoding="utf-8"?><testsuites name="pytest tests"><testsuite name="pytest" errors="0" failures="0" skipped="0" tests="10" time="0.225" timestamp="2026-01-20T13:59:31.635012+00:00" hostname="agent-env-1ff3fd89-697d-42db-9509-671ef4d8cf45"><testcase classname="tests.test_firm_lawyers_api.TestFirmLawyersEndpoints" name="test_get_firm_lawyers_empty" time="0.054" /><testcase classname="tests.test_firm_lawyers_api.TestFirmLawyersEndpoints" name="test_get_firm_report_empty" time="0.012" /><testcase classname="tests.test_firm_lawyers_api.TestFirmLawyersEndpoints" name="test_get_nonexistent_lawyer" time="0.009" /><testcase classname="tests.test_firm_lawyers_api.TestFirmLawyersEndpoints" name="test_get_lawyer_tasks_empty" time="0.047" /><testcase classname="tests.test_firm_lawyers_api.TestFirmLawyersEndpoints" name="test_get_firm_tasks_empty" time="0.010" /><testcase classname="tests.test_firm_lawyers_api.TestFirmLawyerLogin" name="test_login_invalid_credentials" time="0.008" /><testcase classname="tests.test_firm_lawyers_api.TestFirmLawyerLogin" name="test_login_via_auth_endpoint_invalid_type" time="0.007" /><testcase classname="tests.test_firm_lawyers_api.TestLawFirmsEndpoint" name="test_get_lawfirms_list" time="0.008" /><testcase classname="tests.test_firm_lawyers_api.TestHealthAndBasicEndpoints" name="test_health_check" time="0.007" /><testcase classname="tests.test_firm_lawyers_api.TestHealthAndBasicEndpoints" name="test_lawyers_list" time="0.009" /></testsuite></testsuites>